<?xml version="1.0" encoding="UTF-8"?>
<testng-results skipped="0" failed="0" ignored="1" total="2" passed="1">
  <reporter-output>
  </reporter-output>
  <suite name="Default suite" duration-ms="1865" started-at="2018-04-09T02:06:35Z" finished-at="2018-04-09T02:06:37Z">
    <groups>
    </groups>
    <test name="Default test" duration-ms="1865" started-at="2018-04-09T02:06:35Z" finished-at="2018-04-09T02:06:37Z">
      <class name="com.qa.test.APITest">
        <test-method status="PASS" signature="setUp()[pri:0, instance:com.qa.test.APITest@28feb3fa]" name="setUp" is-config="true" duration-ms="16" started-at="2018-04-09T02:06:35Z" finished-at="2018-04-09T02:06:35Z">
          <reporter-output>
          </reporter-output>
        </test-method> <!-- setUp -->
        <test-method status="PASS" signature="testPostApi()[pri:0, instance:com.qa.test.APITest@28feb3fa]" name="testPostApi" duration-ms="1802" started-at="2018-04-09T02:06:35Z" finished-at="2018-04-09T02:06:37Z">
          <reporter-output>
          </reporter-output>
        </test-method> <!-- testPostApi -->
      </class> <!-- com.qa.test.APITest -->
    </test> <!-- Default test -->
  </suite> <!-- Default suite -->
</testng-results>
